[debug] [2023-04-26T05:14:42.394Z] ----------------------------------------------------------------------
[debug] [2023-04-26T05:14:42.397Z] Command:       C:\Program Files\nodejs\node.exe C:\Program Files\nodejs\node_modules\firebase-tools\lib\bin\firebase.js init
[debug] [2023-04-26T05:14:42.397Z] CLI Version:   11.29.0
[debug] [2023-04-26T05:14:42.397Z] Platform:      win32
[debug] [2023-04-26T05:14:42.397Z] Node Version:  v18.15.0
[debug] [2023-04-26T05:14:42.398Z] Time:          Wed Apr 26 2023 12:14:42 GMT+0700 (Indochina Time)
[debug] [2023-04-26T05:14:42.398Z] ----------------------------------------------------------------------
[debug] 
[debug] [2023-04-26T05:14:42.406Z] > command requires scopes: ["email","openid","https://www.googleapis.com/auth/cloudplatformprojects.readonly","https://www.googleapis.com/auth/firebase","https://www.googleapis.com/auth/cloud-platform"]
[debug] [2023-04-26T05:14:42.407Z] > authorizing via signed-in user (anh.leabc0102nth@hcmut.edu.vn)
[info] 
     ######## #### ########  ######## ########     ###     ######  ########
     ##        ##  ##     ## ##       ##     ##  ##   ##  ##       ##
     ######    ##  ########  ######   ########  #########  ######  ######
     ##        ##  ##    ##  ##       ##     ## ##     ##       ## ##
     ##       #### ##     ## ######## ########  ##     ##  ######  ########

You're about to initialize a Firebase project in this directory:

  D:\Studyspace\ReactJS\react\first-project

[info] 
=== Project Setup
[info] 
[info] First, let's associate this project directory with a Firebase project.
[info] You can create multiple project aliases by running firebase use --add, 
[info] but for now we'll just set up a default project.
[info] 
[debug] [2023-04-26T05:16:07.621Z] >>> [apiv2][query] GET https://firebase.googleapis.com/v1beta1/projects pageSize=100
[debug] [2023-04-26T05:16:08.479Z] <<< [apiv2][status] GET https://firebase.googleapis.com/v1beta1/projects 200
[debug] [2023-04-26T05:16:08.480Z] <<< [apiv2][body] GET https://firebase.googleapis.com/v1beta1/projects [omitted]
[info] i  Using project reactcourse-d02b2 (ReactCourse) 
[info] 
=== Hosting Setup
[info] 
[info] Your public directory is the folder (relative to your project directory) that
[info] will contain Hosting assets to be uploaded with firebase deploy. If you
[info] have a build process for your assets, use your build's output directory.
[info] 
[info] +  Wrote public/404.html 
[debug] [2023-04-26T05:17:40.795Z] >>> [apiv2][query] GET https://www.gstatic.com/firebasejs/releases.json [none]
[debug] [2023-04-26T05:17:40.984Z] <<< [apiv2][status] GET https://www.gstatic.com/firebasejs/releases.json 200
[debug] [2023-04-26T05:17:40.985Z] <<< [apiv2][body] GET https://www.gstatic.com/firebasejs/releases.json {"current":{"version":"9.20.0","browserURL":"https://www.gstatic.com/firebasejs/9.20.0/firebase.js","packageURL":"https://www.gstatic.com/firebasejs/9.20.0/firebase.tgz"},"live":{"version":"9.20","browserURL":"https://www.gstatic.com/firebasejs/live/9.20/firebase.js","packageURL":"https://www.gstatic.com/firebasejs/live/9.20/firebase.tgz"},"components":{"analytics":"https://www.gstatic.com/firebasejs/9.20.0/firebase-analytics.js","app":"https://www.gstatic.com/firebasejs/9.20.0/firebase-app.js","app-check":"https://www.gstatic.com/firebasejs/9.20.0/firebase-app-check.js","auth":"https://www.gstatic.com/firebasejs/9.20.0/firebase-auth.js","auth/cordova":"https://www.gstatic.com/firebasejs/9.20.0/firebase-auth/cordova.js","auth/react-native":"https://www.gstatic.com/firebasejs/9.20.0/firebase-auth/react-native.js","functions":"https://www.gstatic.com/firebasejs/9.20.0/firebase-functions.js","firestore":"https://www.gstatic.com/firebasejs/9.20.0/firebase-firestore.js","firestore/lite":"https://www.gstatic.com/firebasejs/9.20.0/firebase-firestore/lite.js","installations":"https://www.gstatic.com/firebasejs/9.20.0/firebase-installations.js","storage":"https://www.gstatic.com/firebasejs/9.20.0/firebase-storage.js","performance":"https://www.gstatic.com/firebasejs/9.20.0/firebase-performance.js","remote-config":"https://www.gstatic.com/firebasejs/9.20.0/firebase-remote-config.js","messaging":"https://www.gstatic.com/firebasejs/9.20.0/firebase-messaging.js","messaging/sw":"https://www.gstatic.com/firebasejs/9.20.0/firebase-messaging/sw.js","database":"https://www.gstatic.com/firebasejs/9.20.0/firebase-database.js","firestore.memory":"https://www.gstatic.com/firebasejs/9.20.0/firebase-firestore.memory.js"}}
[info] i  Skipping write of public/index.html 
[info] 
[info] i  Detected a .git folder at D:\Studyspace\ReactJS\react\first-project 
[info] i  Authorizing with GitHub to upload your service account to a GitHub repository's secrets store. 
[info] 
[info] Visit this URL on this device to log in:
[info] https://github.com/login/oauth/authorize?client_id=89cf50f02ac6aaed3484&state=954315534&redirect_uri=http%3A%2F%2Flocalhost%3A9005&scope=read%3Auser%20repo%20public_repo
[info] 
[info] Waiting for authentication...
[debug] [2023-04-26T05:18:06.306Z] >>> [apiv2][query] POST https://github.com/login/oauth/access_token [none]
[debug] [2023-04-26T05:18:06.306Z] >>> [apiv2][body] POST https://github.com/login/oauth/access_token [stream]
[debug] [2023-04-26T05:18:16.820Z] <<< [apiv2][status] POST https://github.com/login/oauth/access_token 200
[debug] [2023-04-26T05:18:16.821Z] <<< [apiv2][body] POST https://github.com/login/oauth/access_token {"access_token":"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","token_type":"bearer","scope":"read:user,repo"}
[debug] [2023-04-26T05:18:16.838Z] >>> [apiv2][query] GET https://api.github.com/user [none]
[debug] [2023-04-26T05:18:26.676Z] <<< [apiv2][status] GET https://api.github.com/user 200
[debug] [2023-04-26T05:18:26.676Z] <<< [apiv2][body] GET https://api.github.com/user {"login":"anhalexle","id":90910152,"node_id":"MDQ6VXNlcjkwOTEwMTUy","avatar_url":"https://avatars.githubusercontent.com/u/90910152?v=4","gravatar_id":"","url":"https://api.github.com/users/anhalexle","html_url":"https://github.com/anhalexle","followers_url":"https://api.github.com/users/anhalexle/followers","following_url":"https://api.github.com/users/anhalexle/following{/other_user}","gists_url":"https://api.github.com/users/anhalexle/gists{/gist_id}","starred_url":"https://api.github.com/users/anhalexle/starred{/owner}{/repo}","subscriptions_url":"https://api.github.com/users/anhalexle/subscriptions","organizations_url":"https://api.github.com/users/anhalexle/orgs","repos_url":"https://api.github.com/users/anhalexle/repos","events_url":"https://api.github.com/users/anhalexle/events{/privacy}","received_events_url":"https://api.github.com/users/anhalexle/received_events","type":"User","site_admin":false,"name":null,"company":null,"blog":"","location":null,"email":null,"hireable":null,"bio":null,"twitter_username":null,"public_repos":8,"public_gists":0,"followers":0,"following":0,"created_at":"2021-09-17T12:15:31Z","updated_at":"2023-04-17T13:47:37Z","private_gists":0,"total_private_repos":7,"owned_private_repos":7,"disk_usage":168763,"collaborators":0,"two_factor_authentication":false,"plan":{"name":"pro","space":976562499,"collaborators":0,"private_repos":9999}}
[info] 
[info] +  Success! Logged into GitHub as anhalexle 
[info] 
